<?xml version="1.0" encoding="UTF-8"?><testsuite name="code exercise tests" tests="13" errors="0" failures="0" skip="0"><testcase classname="perf_test.PerfomranceTestsRepeater" name="test_recursive_throws_on_deep_recurse" time="0.047"><system-out><![CDATA[TEST - test_throws_on_deep_recurse: Exception: maximum recursion depth exceeded. Result: PASS
]]></system-out></testcase><testcase classname="perf_test.PerfomranceTestsRepeater" name="test_repeater_does_not_throw_on_long_list" time="0.078"><system-out><![CDATA[TEST - test_throws_on_deep_recurse: None. Result: PASS
]]></system-out></testcase><testcase classname="recursive_repeater_test.ValidateDuplicateNumber" name="test_recurse_repeater_catches_bad_vals" time="0.001"><system-out><![CDATA[TEST - test_catches_bad_vals: Not all values are ints in:. Result: PASS
]]></system-out></testcase><testcase classname="recursive_repeater_test.ValidateDuplicateNumber" name="test_recurse_repeater_finds_first_dup" time="0.000"><system-out><![CDATA[TEST - test_finds_first_dup returns: 1. Result: PASS
]]></system-out></testcase><testcase classname="recursive_repeater_test.ValidateDuplicateNumber" name="test_recurse_repeater_handles_even_lists" time="0.000"><system-out><![CDATA[TEST - test_handles_even_lists: None. Result: PASS
]]></system-out></testcase><testcase classname="recursive_repeater_test.ValidateDuplicateNumber" name="test_recurse_repeater_handles_no_dupe" time="0.000"><system-out><![CDATA[TEST - test_handles_no_dupe: None. Result: PASS
]]></system-out></testcase><testcase classname="recursive_repeater_test.ValidateDuplicateNumber" name="test_recurse_repeater_handles_odd_lists" time="0.000"><system-out><![CDATA[TEST - test_handles_odd_lists: None. Result: PASS
]]></system-out></testcase><testcase classname="repeater_test.ValidateDuplicateNumber" name="test_data_validation_assert_all_ints_false" time="0.000"><system-out><![CDATA[TEST - test_assert_all_ints_false: False. Result: PASS
]]></system-out></testcase><testcase classname="repeater_test.ValidateDuplicateNumber" name="test_data_validation_assert_all_ints_true" time="0.000"><system-out><![CDATA[TEST - test_assert_all_ints_true: True. Result: PASS
]]></system-out></testcase><testcase classname="repeater_test.ValidateDuplicateNumber" name="test_repeater_catches_bad_vals" time="0.000"><system-out><![CDATA[TEST - test_catches_bad_vals: Not all values are ints in:. Result: PASS
]]></system-out></testcase><testcase classname="repeater_test.ValidateDuplicateNumber" name="test_repeater_finds_first_dup" time="0.000"><system-out><![CDATA[TEST - test_finds_first_dup returns: 1. Result: PASS
]]></system-out></testcase><testcase classname="repeater_test.ValidateDuplicateNumber" name="test_repeater_handles_even_lists" time="0.000"><system-out><![CDATA[TEST - test_handles_even_lists: None. Result: PASS
]]></system-out></testcase><testcase classname="repeater_test.ValidateDuplicateNumber" name="test_repeater_handles_no_dupe" time="0.000"><system-out><![CDATA[TEST - test_handles_no_dupe: None. Result: PASS
]]></system-out></testcase></testsuite>